<?xml version="1.0" encoding="UTF-8"?>
<!-- Generated by org.testng.reporters.JUnitXMLReporter -->
<testsuite hostname="DESKTOP-NMG6R38" name="WIN10TEST-chrome" tests="1" failures="0" timestamp="14 Jun 2021 07:22:25 GMT" time="0.061" errors="0">
  <testcase name="@BeforeTest setUp" time="0.0" classname="DockerTest.ParrallelExecution">
    <failure type="org.testng.TestNGException" message="
Method setUp requires 3 parameters but 1 were supplied in the @Configuration annotation.">
      <![CDATA[org.testng.TestNGException: 
Method setUp requires 3 parameters but 1 were supplied in the @Configuration annotation.
	at java.util.concurrent.FutureTask.run(Unknown Source)
	at java.util.concurrent.ThreadPoolExecutor.runWorker(Unknown Source)
	at java.util.concurrent.ThreadPoolExecutor$Worker.run(Unknown Source)
	at java.lang.Thread.run(Unknown Source)
... Removed 12 stack frames]]>
    </failure>
  </testcase> <!-- @BeforeTest setUp -->
  <testcase name="@AfterTest tearDown" time="0.0" classname="DockerTest.ParrallelExecution">
    <skipped/>
  </testcase> <!-- @AfterTest tearDown -->
  <testcase name="testSimple" time="0.013" classname="DockerTest.ParrallelExecution">
    <skipped/>
  </testcase> <!-- testSimple -->
</testsuite> <!-- WIN10TEST-chrome -->
